<?xml version="1.0" encoding="UTF-8"?>
<!-- Generated by org.testng.reporters.JUnitXMLReporter -->
<testsuite hostname="LAPTOP-9MVO4FAL" ignored="0" name="amazon" tests="1" failures="1" timestamp="02 May 2021 13:08:48 GMT" time="16.081" errors="0">
  <testcase name="Snapdeal" time="0.0" classname="com.Ajiotest.TestCase">
    <failure type="org.testng.TestNGException" message="
Method public void com.Ajiotest.TestCase.Snapdeal(java.lang.String) throws java.lang.InterruptedException requires a @DataProvider named : getdata">
      <![CDATA[org.testng.TestNGException: 
Method public void com.Ajiotest.TestCase.Snapdeal(java.lang.String) throws java.lang.InterruptedException requires a @DataProvider named : getdata
... Removed 22 stack frames]]>
    </failure>
  </testcase> <!-- Snapdeal -->
</testsuite> <!-- amazon -->
